<?xml version="1.0" encoding="UTF-8" ?>
<testsuite 
errors="0" failures="0" hostname="tomasFartariaPC.local" name="com.datamountaineer.streamreactor.connect.azure.documentdb.sink.KeysExtractorTest" tests="9" time="0.066" timestamp="2017-04-11T09:42:12">
  <properties>
[...]
</properties>
  <testcase 
  name="KeysExtractor should extract keys from JSON" classname="com.datamountaineer.streamreactor.connect.azure.documentdb.sink.KeysExtractorTest" time="0.002">
</testcase>
  <testcase 
  name="KeysExtractor should throw exception when extracting the keys from JSON" classname="com.datamountaineer.streamreactor.connect.azure.documentdb.sink.KeysExtractorTest" time="0.001">
</testcase>
  <testcase 
  name="KeysExtractor should extract keys from a Map" classname="com.datamountaineer.streamreactor.connect.azure.documentdb.sink.KeysExtractorTest" time="0.013">
</testcase>
  <testcase 
  name="KeysExtractor should extract keys from a Map should throw an exception if the key is another map" classname="com.datamountaineer.streamreactor.connect.azure.documentdb.sink.KeysExtractorTest" time="0.009">
</testcase>
  <testcase 
  name="KeysExtractor should extract keys from a Map should throw an exception if the key is an array" classname="com.datamountaineer.streamreactor.connect.azure.documentdb.sink.KeysExtractorTest" time="0.001">
</testcase>
  <testcase 
  name="KeysExtractor should extract from a struct" classname="com.datamountaineer.streamreactor.connect.azure.documentdb.sink.KeysExtractorTest" time="0.03">
</testcase>
  <testcase 
  name="KeysExtractor should extract from a struct should throw an exception if a key is an array" classname="com.datamountaineer.streamreactor.connect.azure.documentdb.sink.KeysExtractorTest" time="0.002">
</testcase>
  <testcase 
  name="KeysExtractor should extract from a struct should throw an exception if a key is a map" classname="com.datamountaineer.streamreactor.connect.azure.documentdb.sink.KeysExtractorTest" time="0.002">
</testcase>
  <testcase 
  name="KeysExtractor should extract from a struct should throw an exception if a key is a struct" classname="com.datamountaineer.streamreactor.connect.azure.documentdb.sink.KeysExtractorTest" time="0.004">
</testcase>
  <system-out><![CDATA[]]></system-out>
  <system-err><![CDATA[]]></system-err>
</testsuite>
